<?xml version="1.0" encoding="UTF-8"?>
<testsuite name="ca.ulaval.glo4002.trading.domain.account.AccountTest" time="0.06" tests="14" errors="0" skipped="0" failures="0">
  <properties>
[...]
</properties>
  <testcase name="givenAnAccountAndABuyTransactionCheaperThanTheAccountCredits_whenBuyingStocks_thenTheTransactionCreditsAreDeductedFromTheAccountCredits" classname="ca.ulaval.glo4002.trading.domain.account.AccountTest" time="0.003"/>
  <testcase name="givenAccountInformationWithNegativeCredits_whenCreatingAccount_thenAccountHasInvalidCredits" classname="ca.ulaval.glo4002.trading.domain.account.AccountTest" time="0.001"/>
  <testcase name="givenAnAccountAndASellTransactionAssociatedWithAnotherSellTransaction_whenTryingToSellStocksFromASellTransaction_thenTheTransactionFails" classname="ca.ulaval.glo4002.trading.domain.account.AccountTest" time="0.01"/>
  <testcase name="givenATransactionNumberAndAnAccountNotContainingTheTransactionRelatedToTheNumber_whenFindingTheTransactionInTheAccountWithTheTransactionNumber_thenAccountIsNotFound" classname="ca.ulaval.glo4002.trading.domain.account.AccountTest" time="0.001"/>
  <testcase name="givenAnAccountAndABuyTransactionCheaperThanTheAccountCredits_whenBuyingStocks_thenTheTransactionIsSavedInTheAccount" classname="ca.ulaval.glo4002.trading.domain.account.AccountTest" time="0.004"/>
  <testcase name="givenAnAccountAndASellTransactionWithANonExistentBuyTransactionNumber_whenSellingStocks_thenTheTransactionFails" classname="ca.ulaval.glo4002.trading.domain.account.AccountTest" time="0.006"/>
  <testcase name="givenASellTransactionAndAnAccountContainingTheBuyTransaction_whenSellingStocks_thenVerifyTransactionValidity" classname="ca.ulaval.glo4002.trading.domain.account.AccountTest" time="0.005"/>
  <testcase name="givenAnAccountAndAnExchangeRateConverter_whenCalcultingTotalValueOfWallet_thenTheResultIsSetToTheAccount" classname="ca.ulaval.glo4002.trading.domain.account.AccountTest" time="0.001"/>
  <testcase name="givenAnAccountATransactionAndItsTransactionNumber_whenFindingTheTransactionInTheAccountWithTheTransactionNumber_thenTheTransactionAssociatedWithTheNumberIsReturned" classname="ca.ulaval.glo4002.trading.domain.account.AccountTest" time="0.001"/>
  <testcase name="givenAnAccountWithABuyTransactionAndARelatedSellTransaction_whenSellingStocks_thenTransactionCreditsAreAddedToAccount" classname="ca.ulaval.glo4002.trading.domain.account.AccountTest" time="0.003"/>
  <testcase name="givenAnAccountAndASellTransaction_whenSellingStocks_thenTheTransactionIsSavedInTheAccount" classname="ca.ulaval.glo4002.trading.domain.account.AccountTest" time="0.007"/>
  <testcase name="givenAnAccountAndASellTransaction_whenSellingStocks_thenTheTransactionTotalGainIsComputed" classname="ca.ulaval.glo4002.trading.domain.account.AccountTest" time="0.008"/>
  <testcase name="givenAValidSellTransactionAndAnAccountContainingTheBuyTransaction_whenSellingStocks_thenSellTransactionQuantityIsDeductedInTheRelatedBuyTransaction" classname="ca.ulaval.glo4002.trading.domain.account.AccountTest" time="0.007"/>
  <testcase name="givenAnAccountAndABuyTransaction_whenBuyingStocks_thenTheTransactionTotalIsComputed" classname="ca.ulaval.glo4002.trading.domain.account.AccountTest" time="0.003"/>
</testsuite>